<?xml version="1.0" encoding="UTF-8"?>
<testsuite name="WebDriverTests" tests="1" skipped="0" failures="0" errors="0" timestamp="2021-09-12T14:30:01" hostname="LAPTOP-D0LCGE5F" time="11.444">
  <properties/>
  <testcase name="webDriverTest()" classname="WebDriverTests" time="11.444"/>
  <system-out><![CDATA[]]></system-out>
  <system-err><![CDATA[Starting ChromeDriver 93.0.4577.15 (660fc11082ba57405eca2e8c49c3e1af756fbfae-refs/branch-heads/4577@{#203}) on port 33338
Only local connections are allowed.
Please see https://chromedriver.chromium.org/security-considerations for suggestions on keeping ChromeDriver safe.
ChromeDriver was started successfully.
сент. 12, 2021 5:30:03 PM org.openqa.selenium.remote.ProtocolHandshake createSession
INFO: Detected dialect: W3C
]]></system-err>
</testsuite>
